app/build/intermediates/manifest_merge_blame_file/debug/manifest-merger-blame-debug-report.txt
1<?xml version="1.0" encoding="utf-8"?>
2<manifest xmlns:android="http://schemas.android.com/apk/res/android"
3    package="com.sportgames.liness.quiz"
4    android:versionCode="2"
5    android:versionName="2.0" >
6
7    <uses-sdk
8        android:minSdkVersion="26"
8-->src\main\AndroidManifest.xml
9        android:targetSdkVersion="33" />
9-->src\main\AndroidManifest.xml
10
11    <uses-permission android:name="android.permisssion.INTERNET" />
11-->src\main\AndroidManifest.xml:6:5-68
11-->src\main\AndroidManifest.xml:6:22-65
12    <uses-permission android:name="android.permission.INTERNET" />
12-->src\main\AndroidManifest.xml:7:5-67
12-->src\main\AndroidManifest.xml:7:22-64
13    <uses-permission android:name="android.permission.internet" />
13-->src\main\AndroidManifest.xml:8:5-67
13-->src\main\AndroidManifest.xml:8:22-64
14    <uses-permission android:name="android.permission.SET_WALLPAPER" />
14-->src\main\AndroidManifest.xml:9:5-72
14-->src\main\AndroidManifest.xml:9:22-69
15    <uses-permission android:name="android.permission.READ_EXTERNAL_STORAGE" />
15-->src\main\AndroidManifest.xml:10:5-80
15-->src\main\AndroidManifest.xml:10:22-77
16    <uses-permission android:name="android.permission.ACCESS_NETWORK_STATE" />
16-->src\main\AndroidManifest.xml:11:5-79
16-->src\main\AndroidManifest.xml:11:22-76
17    <uses-permission android:name="android.permission.ACCESS_COARSE_LOCATION" />
17-->src\main\AndroidManifest.xml:12:5-80
17-->src\main\AndroidManifest.xml:12:22-78
18    <uses-permission android:name="android.permission.WAKE_LOCK" />
18-->[com.google.android.gms:play-services-measurement-api:19.0.1] AndroidManifest.xml:24:5-68
18-->[com.google.android.gms:play-services-measurement-api:19.0.1] AndroidManifest.xml:24:22-65
19    <uses-permission android:name="com.google.android.finsky.permission.BIND_GET_INSTALL_REFERRER_SERVICE" />
19-->[com.google.android.gms:play-services-measurement:19.0.1] AndroidManifest.xml:26:5-110
19-->[com.google.android.gms:play-services-measurement:19.0.1] AndroidManifest.xml:26:22-107
20
21    <permission
21-->[androidx.core:core:1.9.0] AndroidManifest.xml:22:5-24:47
22        android:name="com.sportgames.liness.quiz.DYNAMIC_RECEIVER_NOT_EXPORTED_PERMISSION"
22-->[androidx.core:core:1.9.0] AndroidManifest.xml:23:9-81
23        android:protectionLevel="signature" />
23-->[androidx.core:core:1.9.0] AndroidManifest.xml:24:9-44
24
25    <uses-permission android:name="com.sportgames.liness.quiz.DYNAMIC_RECEIVER_NOT_EXPORTED_PERMISSION" />
25-->[androidx.core:core:1.9.0] AndroidManifest.xml:26:5-97
25-->[androidx.core:core:1.9.0] AndroidManifest.xml:26:22-94
26
27    <application
27-->src\main\AndroidManifest.xml:14:5-61:19
28        android:name="com.sportgames.liness.quiz.App"
28-->src\main\AndroidManifest.xml:15:9-28
29        android:allowBackup="true"
29-->src\main\AndroidManifest.xml:16:9-35
30        android:appComponentFactory="androidx.core.app.CoreComponentFactory"
30-->[androidx.core:core:1.9.0] AndroidManifest.xml:28:18-86
31        android:debuggable="true"
32        android:extractNativeLibs="false"
33        android:icon="@mipmap/ic_launcher_icons"
33-->src\main\AndroidManifest.xml:17:9-49
34        android:label="@string/app_name"
34-->src\main\AndroidManifest.xml:18:9-41
35        android:roundIcon="@mipmap/ic_launcher_icons_foreground"
35-->src\main\AndroidManifest.xml:19:9-65
36        android:supportsRtl="true"
36-->src\main\AndroidManifest.xml:20:9-35
37        android:testOnly="true"
38        android:theme="@style/Theme.SportGamesLines"
38-->src\main\AndroidManifest.xml:22:9-53
39        android:usesCleartextTraffic="true" >
39-->src\main\AndroidManifest.xml:21:9-44
40        <activity
40-->src\main\AndroidManifest.xml:24:9-29:20
41            android:name="com.sportgames.liness.quiz.SplashActivity"
41-->src\main\AndroidManifest.xml:25:13-43
42            android:configChanges="locale"
42-->src\main\AndroidManifest.xml:26:13-43
43            android:exported="true" >
43-->src\main\AndroidManifest.xml:27:13-36
44        </activity>
45        <activity
45-->src\main\AndroidManifest.xml:30:9-33:40
46            android:name="com.sportgames.liness.quiz.DiffActivity"
46-->src\main\AndroidManifest.xml:31:13-41
47            android:configChanges="locale"
47-->src\main\AndroidManifest.xml:32:13-43
48            android:exported="false" />
48-->src\main\AndroidManifest.xml:33:13-37
49        <activity
49-->src\main\AndroidManifest.xml:34:9-37:40
50            android:name="com.sportgames.liness.quiz.OptionsActivity"
50-->src\main\AndroidManifest.xml:35:13-44
51            android:configChanges="locale"
51-->src\main\AndroidManifest.xml:36:13-43
52            android:exported="false" />
52-->src\main\AndroidManifest.xml:37:13-37
53        <activity
53-->src\main\AndroidManifest.xml:38:9-41:40
54            android:name="com.sportgames.liness.quiz.GameActivity"
54-->src\main\AndroidManifest.xml:39:13-41
55            android:configChanges="locale"
55-->src\main\AndroidManifest.xml:40:13-43
56            android:exported="false" />
56-->src\main\AndroidManifest.xml:41:13-37
57        <activity
57-->src\main\AndroidManifest.xml:42:9-44:40
58            android:name="com.sportgames.liness.quiz.PrivacyActivity"
58-->src\main\AndroidManifest.xml:43:13-44
59            android:exported="false" />
59-->src\main\AndroidManifest.xml:44:13-37
60        <activity
60-->src\main\AndroidManifest.xml:45:9-60:20
61            android:name="com.sportgames.liness.quiz.MainActivity"
61-->src\main\AndroidManifest.xml:46:13-41
62            android:configChanges="locale"
62-->src\main\AndroidManifest.xml:47:13-43
63            android:exported="true" >
63-->src\main\AndroidManifest.xml:48:13-36
64            <intent-filter>
64-->src\main\AndroidManifest.xml:49:13-54:29
65                <category android:name="android.intent.category.DEFAULT" />
65-->src\main\AndroidManifest.xml:50:17-76
65-->src\main\AndroidManifest.xml:50:27-73
66                <category android:name="android.intent.category.BROWSABLE" />
66-->src\main\AndroidManifest.xml:51:17-78
66-->src\main\AndroidManifest.xml:51:27-75
67
68                <data android:scheme="open.special.app" />
68-->src\main\AndroidManifest.xml:52:17-59
68-->src\main\AndroidManifest.xml:52:23-56
69
70                <action android:name="android.intent.action.VIEW" />
70-->src\main\AndroidManifest.xml:53:17-69
70-->src\main\AndroidManifest.xml:53:25-66
71            </intent-filter>
72            <intent-filter>
72-->src\main\AndroidManifest.xml:55:13-59:29
73                <action android:name="android.intent.action.MAIN" />
73-->src\main\AndroidManifest.xml:56:17-69
73-->src\main\AndroidManifest.xml:56:25-66
74
75                <category android:name="android.intent.category.LAUNCHER" />
75-->src\main\AndroidManifest.xml:58:17-77
75-->src\main\AndroidManifest.xml:58:27-74
76            </intent-filter>
77        </activity>
78
79        <service
79-->[com.google.firebase:firebase-analytics-ktx:19.0.1] AndroidManifest.xml:8:9-14:19
80            android:name="com.google.firebase.components.ComponentDiscoveryService"
80-->[com.google.firebase:firebase-analytics-ktx:19.0.1] AndroidManifest.xml:9:13-84
81            android:directBootAware="true"
81-->[com.google.firebase:firebase-common:20.0.0] AndroidManifest.xml:35:13-43
82            android:exported="false" >
82-->[com.google.firebase:firebase-analytics-ktx:19.0.1] AndroidManifest.xml:10:13-37
83            <meta-data
83-->[com.google.firebase:firebase-analytics-ktx:19.0.1] AndroidManifest.xml:11:13-13:85
84                android:name="com.google.firebase.components:com.google.firebase.analytics.ktx.FirebaseAnalyticsKtxRegistrar"
84-->[com.google.firebase:firebase-analytics-ktx:19.0.1] AndroidManifest.xml:12:17-126
85                android:value="com.google.firebase.components.ComponentRegistrar" />
85-->[com.google.firebase:firebase-analytics-ktx:19.0.1] AndroidManifest.xml:13:17-82
86            <meta-data
86-->[com.google.firebase:firebase-common-ktx:20.0.0] AndroidManifest.xml:15:13-17:85
87                android:name="com.google.firebase.components:com.google.firebase.ktx.FirebaseCommonKtxRegistrar"
87-->[com.google.firebase:firebase-common-ktx:20.0.0] AndroidManifest.xml:16:17-113
88                android:value="com.google.firebase.components.ComponentRegistrar" />
88-->[com.google.firebase:firebase-common-ktx:20.0.0] AndroidManifest.xml:17:17-82
89            <meta-data
89-->[com.google.android.gms:play-services-measurement-api:19.0.1] AndroidManifest.xml:30:13-32:85
90                android:name="com.google.firebase.components:com.google.firebase.analytics.connector.internal.AnalyticsConnectorRegistrar"
90-->[com.google.android.gms:play-services-measurement-api:19.0.1] AndroidManifest.xml:31:17-139
91                android:value="com.google.firebase.components.ComponentRegistrar" />
91-->[com.google.android.gms:play-services-measurement-api:19.0.1] AndroidManifest.xml:32:17-82
92            <meta-data
92-->[com.google.firebase:firebase-installations:17.0.0] AndroidManifest.xml:18:13-20:85
93                android:name="com.google.firebase.components:com.google.firebase.installations.FirebaseInstallationsRegistrar"
93-->[com.google.firebase:firebase-installations:17.0.0] AndroidManifest.xml:19:17-127
94                android:value="com.google.firebase.components.ComponentRegistrar" />
94-->[com.google.firebase:firebase-installations:17.0.0] AndroidManifest.xml:20:17-82
95        </service>
96
97        <provider
97-->[com.google.firebase:firebase-common:20.0.0] AndroidManifest.xml:26:9-31:39
98            android:name="com.google.firebase.provider.FirebaseInitProvider"
98-->[com.google.firebase:firebase-common:20.0.0] AndroidManifest.xml:27:13-77
99            android:authorities="com.sportgames.liness.quiz.firebaseinitprovider"
99-->[com.google.firebase:firebase-common:20.0.0] AndroidManifest.xml:28:13-72
100            android:directBootAware="true"
100-->[com.google.firebase:firebase-common:20.0.0] AndroidManifest.xml:29:13-43
101            android:exported="false"
101-->[com.google.firebase:firebase-common:20.0.0] AndroidManifest.xml:30:13-37
102            android:initOrder="100" />
102-->[com.google.firebase:firebase-common:20.0.0] AndroidManifest.xml:31:13-36
103
104        <receiver
104-->[com.google.android.gms:play-services-measurement:19.0.1] AndroidManifest.xml:29:9-33:20
105            android:name="com.google.android.gms.measurement.AppMeasurementReceiver"
105-->[com.google.android.gms:play-services-measurement:19.0.1] AndroidManifest.xml:30:13-85
106            android:enabled="true"
106-->[com.google.android.gms:play-services-measurement:19.0.1] AndroidManifest.xml:31:13-35
107            android:exported="false" >
107-->[com.google.android.gms:play-services-measurement:19.0.1] AndroidManifest.xml:32:13-37
108        </receiver>
109
110        <service
110-->[com.google.android.gms:play-services-measurement:19.0.1] AndroidManifest.xml:35:9-38:40
111            android:name="com.google.android.gms.measurement.AppMeasurementService"
111-->[com.google.android.gms:play-services-measurement:19.0.1] AndroidManifest.xml:36:13-84
112            android:enabled="true"
112-->[com.google.android.gms:play-services-measurement:19.0.1] AndroidManifest.xml:37:13-35
113            android:exported="false" />
113-->[com.google.android.gms:play-services-measurement:19.0.1] AndroidManifest.xml:38:13-37
114        <service
114-->[com.google.android.gms:play-services-measurement:19.0.1] AndroidManifest.xml:39:9-43:72
115            android:name="com.google.android.gms.measurement.AppMeasurementJobService"
115-->[com.google.android.gms:play-services-measurement:19.0.1] AndroidManifest.xml:40:13-87
116            android:enabled="true"
116-->[com.google.android.gms:play-services-measurement:19.0.1] AndroidManifest.xml:41:13-35
117            android:exported="false"
117-->[com.google.android.gms:play-services-measurement:19.0.1] AndroidManifest.xml:42:13-37
118            android:permission="android.permission.BIND_JOB_SERVICE" />
118-->[com.google.android.gms:play-services-measurement:19.0.1] AndroidManifest.xml:43:13-69
119
120        <meta-data
120-->[com.google.android.gms:play-services-basement:17.0.0] AndroidManifest.xml:23:9-25:69
121            android:name="com.google.android.gms.version"
121-->[com.google.android.gms:play-services-basement:17.0.0] AndroidManifest.xml:24:13-58
122            android:value="@integer/google_play_services_version" /> <!-- Yandex Mobile Metrica Analytics: common service -->
122-->[com.google.android.gms:play-services-basement:17.0.0] AndroidManifest.xml:25:13-66
123        <service
123-->[com.yandex.android:mobmetricalib:3.15.0] AndroidManifest.xml:26:9-43:19
124            android:name="com.yandex.metrica.MetricaService"
124-->[com.yandex.android:mobmetricalib:3.15.0] AndroidManifest.xml:27:13-61
125            android:enabled="true"
125-->[com.yandex.android:mobmetricalib:3.15.0] AndroidManifest.xml:28:13-35
126            android:exported="true"
126-->[com.yandex.android:mobmetricalib:3.15.0] AndroidManifest.xml:29:13-36
127            android:process=":Metrica" >
127-->[com.yandex.android:mobmetricalib:3.15.0] AndroidManifest.xml:30:13-39
128            <intent-filter>
128-->[com.yandex.android:mobmetricalib:3.15.0] AndroidManifest.xml:32:13-38:29
129                <category android:name="android.intent.category.DEFAULT" />
129-->src\main\AndroidManifest.xml:50:17-76
129-->src\main\AndroidManifest.xml:50:27-73
130
131                <action android:name="com.yandex.metrica.IMetricaService" />
131-->[com.yandex.android:mobmetricalib:3.15.0] AndroidManifest.xml:35:17-77
131-->[com.yandex.android:mobmetricalib:3.15.0] AndroidManifest.xml:35:25-74
132
133                <data android:scheme="metrica" />
133-->src\main\AndroidManifest.xml:52:17-59
133-->src\main\AndroidManifest.xml:52:23-56
134            </intent-filter>
135
136            <meta-data
136-->[com.yandex.android:mobmetricalib:3.15.0] AndroidManifest.xml:40:13-42:38
137                android:name="metrica:api:level"
137-->[com.yandex.android:mobmetricalib:3.15.0] AndroidManifest.xml:41:17-49
138                android:value="91" />
138-->[com.yandex.android:mobmetricalib:3.15.0] AndroidManifest.xml:42:17-35
139        </service>
140        <service
140-->[com.yandex.android:mobmetricalib:3.15.0] AndroidManifest.xml:44:9-60:19
141            android:name="com.yandex.metrica.ConfigurationService"
141-->[com.yandex.android:mobmetricalib:3.15.0] AndroidManifest.xml:45:13-67
142            android:enabled="true"
142-->[com.yandex.android:mobmetricalib:3.15.0] AndroidManifest.xml:46:13-35
143            android:exported="false"
143-->[com.yandex.android:mobmetricalib:3.15.0] AndroidManifest.xml:47:13-37
144            android:process=":Metrica" >
144-->[com.yandex.android:mobmetricalib:3.15.0] AndroidManifest.xml:48:13-39
145            <meta-data
145-->[com.yandex.android:mobmetricalib:3.15.0] AndroidManifest.xml:50:13-52:37
146                android:name="metrica:configuration:api:level"
146-->[com.yandex.android:mobmetricalib:3.15.0] AndroidManifest.xml:51:17-63
147                android:value="3" />
147-->[com.yandex.android:mobmetricalib:3.15.0] AndroidManifest.xml:52:17-34
148
149            <intent-filter>
149-->[com.yandex.android:mobmetricalib:3.15.0] AndroidManifest.xml:54:13-59:29
150
151                <!-- This action was used by old background location collecting and should not be used again -->
152                <!-- <action android:name="com.yandex.metrica.configuration.ACTION_START"/> -->
153                <action android:name="com.yandex.metrica.configuration.ACTION_INIT" />
153-->[com.yandex.android:mobmetricalib:3.15.0] AndroidManifest.xml:58:17-87
153-->[com.yandex.android:mobmetricalib:3.15.0] AndroidManifest.xml:58:25-84
154            </intent-filter>
155        </service>
156        <service
156-->[com.yandex.android:mobmetricalib:3.15.0] AndroidManifest.xml:61:9-67:19
157            android:name="com.yandex.metrica.ConfigurationJobService"
157-->[com.yandex.android:mobmetricalib:3.15.0] AndroidManifest.xml:62:13-70
158            android:enabled="true"
158-->[com.yandex.android:mobmetricalib:3.15.0] AndroidManifest.xml:63:13-35
159            android:exported="false"
159-->[com.yandex.android:mobmetricalib:3.15.0] AndroidManifest.xml:64:13-37
160            android:permission="android.permission.BIND_JOB_SERVICE"
160-->[com.yandex.android:mobmetricalib:3.15.0] AndroidManifest.xml:65:13-69
161            android:process=":Metrica" >
161-->[com.yandex.android:mobmetricalib:3.15.0] AndroidManifest.xml:66:13-39
162        </service> <!-- Yandex Mobile Metrica Analytics: main receiver -->
163        <receiver
163-->[com.yandex.android:mobmetricalib:3.15.0] AndroidManifest.xml:70:9-78:20
164            android:name="com.yandex.metrica.MetricaEventHandler"
164-->[com.yandex.android:mobmetricalib:3.15.0] AndroidManifest.xml:71:13-66
165            android:enabled="true"
165-->[com.yandex.android:mobmetricalib:3.15.0] AndroidManifest.xml:72:13-35
166            android:exported="true" >
166-->[com.yandex.android:mobmetricalib:3.15.0] AndroidManifest.xml:73:13-36
167            <intent-filter>
167-->[com.yandex.android:mobmetricalib:3.15.0] AndroidManifest.xml:75:13-77:29
168                <action android:name="com.android.vending.INSTALL_REFERRER" />
168-->[com.yandex.android:mobmetricalib:3.15.0] AndroidManifest.xml:76:17-79
168-->[com.yandex.android:mobmetricalib:3.15.0] AndroidManifest.xml:76:25-76
169            </intent-filter>
170        </receiver>
171        <receiver
171-->[com.yandex.android:mobmetricalib:3.15.0] AndroidManifest.xml:79:9-88:20
172            android:name="com.yandex.metrica.ConfigurationServiceReceiver"
172-->[com.yandex.android:mobmetricalib:3.15.0] AndroidManifest.xml:80:13-75
173            android:enabled="true"
173-->[com.yandex.android:mobmetricalib:3.15.0] AndroidManifest.xml:81:13-35
174            android:exported="true"
174-->[com.yandex.android:mobmetricalib:3.15.0] AndroidManifest.xml:82:13-36
175            android:process=":Metrica" >
175-->[com.yandex.android:mobmetricalib:3.15.0] AndroidManifest.xml:83:13-39
176            <intent-filter>
176-->[com.yandex.android:mobmetricalib:3.15.0] AndroidManifest.xml:85:13-87:29
177                <action android:name="com.yandex.metrica.configuration.service.PLC" />
177-->[com.yandex.android:mobmetricalib:3.15.0] AndroidManifest.xml:86:17-87
177-->[com.yandex.android:mobmetricalib:3.15.0] AndroidManifest.xml:86:25-84
178            </intent-filter>
179        </receiver>
180
181        <provider
181-->[com.yandex.android:mobmetricalib:3.15.0] AndroidManifest.xml:90:9-97:20
182            android:name="com.yandex.metrica.PreloadInfoContentProvider"
182-->[com.yandex.android:mobmetricalib:3.15.0] AndroidManifest.xml:91:13-73
183            android:authorities="com.sportgames.liness.quiz.appmetrica.preloadinfo.retail"
183-->[com.yandex.android:mobmetricalib:3.15.0] AndroidManifest.xml:92:13-81
184            android:enabled="true"
184-->[com.yandex.android:mobmetricalib:3.15.0] AndroidManifest.xml:93:13-35
185            android:exported="true"
185-->[com.yandex.android:mobmetricalib:3.15.0] AndroidManifest.xml:94:13-36
186            android:process=":Metrica" >
186-->[com.yandex.android:mobmetricalib:3.15.0] AndroidManifest.xml:95:13-39
187        </provider>
188        <provider
188-->[androidx.emoji2:emoji2:1.2.0] AndroidManifest.xml:24:9-32:20
189            android:name="androidx.startup.InitializationProvider"
189-->[androidx.emoji2:emoji2:1.2.0] AndroidManifest.xml:25:13-67
190            android:authorities="com.sportgames.liness.quiz.androidx-startup"
190-->[androidx.emoji2:emoji2:1.2.0] AndroidManifest.xml:26:13-68
191            android:exported="false" >
191-->[androidx.emoji2:emoji2:1.2.0] AndroidManifest.xml:27:13-37
192            <meta-data
192-->[androidx.emoji2:emoji2:1.2.0] AndroidManifest.xml:29:13-31:52
193                android:name="androidx.emoji2.text.EmojiCompatInitializer"
193-->[androidx.emoji2:emoji2:1.2.0] AndroidManifest.xml:30:17-75
194                android:value="androidx.startup" />
194-->[androidx.emoji2:emoji2:1.2.0] AndroidManifest.xml:31:17-49
195            <meta-data
195-->[androidx.lifecycle:lifecycle-process:2.4.1] AndroidManifest.xml:31:13-33:52
196                android:name="androidx.lifecycle.ProcessLifecycleInitializer"
196-->[androidx.lifecycle:lifecycle-process:2.4.1] AndroidManifest.xml:32:17-78
197                android:value="androidx.startup" />
197-->[androidx.lifecycle:lifecycle-process:2.4.1] AndroidManifest.xml:33:17-49
198        </provider>
199    </application>
200
201</manifest>